Using pre-set license

 COMMAND LINE ARGUMENTS:
/Applications/Unity/Hub/Editor/2020.3.12f1/Unity.app/Contents/MacOS/Unity
-adb2
-batchMode
-noUpm
-name
AssetImportWorker5
-projectPath
/Users/minglim/Desktop/Games/ChessGame
-logFile
Logs/AssetImportWorker5.log
-srvPort
52336
Successfully changed project path to: /Users/minglim/Desktop/Games/ChessGame
/Users/minglim/Desktop/Games/ChessGame
Using Asset Import Pipeline V2.
Refreshing native plugins compatible for Editor in 414.26 ms, found 2 plugins.
Preloading 0 native plugins for Editor in 0.00 ms.
Initialize engine version: 2020.3.12f1 (b3b2c6512326)
[Subsystems] Discovering subsystems at path /Applications/Unity/Hub/Editor/2020.3.12f1/Unity.app/Contents/Resources/UnitySubsystems
[Subsystems] Discovering subsystems at path /Users/minglim/Desktop/Games/ChessGame/Assets
GfxDevice: creating device client; threaded=0
2021-08-21 10:09:24.166 Unity[2036:76931] Color LCD preferred device: Intel(R) UHD Graphics 617 (low power)
2021-08-21 10:09:24.167 Unity[2036:76931] Metal devices available: 1
2021-08-21 10:09:24.167 Unity[2036:76931] 0: Intel(R) UHD Graphics 617 (low power)
2021-08-21 10:09:24.169 Unity[2036:76931] Using device Intel(R) UHD Graphics 617 (low power)
Initializing Metal device caps: Intel(R) UHD Graphics 617
Initialize mono
Mono path[0] = '/Applications/Unity/Hub/Editor/2020.3.12f1/Unity.app/Contents/Managed'
Mono path[1] = '/Applications/Unity/Hub/Editor/2020.3.12f1/Unity.app/Contents/MonoBleedingEdge/lib/mono/unityjit'
Mono config path = '/Applications/Unity/Hub/Editor/2020.3.12f1/Unity.app/Contents/MonoBleedingEdge/etc'
Using monoOptions --debugger-agent=transport=dt_socket,embedding=1,server=y,suspend=n,address=127.0.0.1:56036
Begin MonoManager ReloadAssembly
