Using pre-set license

 COMMAND LINE ARGUMENTS:
/Applications/Unity/Hub/Editor/2020.3.12f1/Unity.app/Contents/MacOS/Unity
-adb2
-batchMode
-noUpm
-name
AssetImportWorker9
-projectPath
/Users/minglim/Desktop/Games/ChessGame
-logFile
Logs/AssetImportWorker9.log
-srvPort
52336
Successfully changed project path to: /Users/minglim/Desktop/Games/ChessGame
/Users/minglim/Desktop/Games/ChessGame
Using Asset Import Pipeline V2.
Refreshing native plugins compatible for Editor in 702.68 ms, found 2 plugins.
Preloading 0 native plugins for Editor in 0.00 ms.
Initialize engine version: 2020.3.12f1 (b3b2c6512326)
[Subsystems] Discovering subsystems at path /Applications/Unity/Hub/Editor/2020.3.12f1/Unity.app/Contents/Resources/UnitySubsystems
[Subsystems] Discovering subsystems at path /Users/minglim/Desktop/Games/ChessGame/Assets
GfxDevice: creating device client; threaded=0
2021-08-21 10:11:24.695 Unity[2047:77853] Color LCD preferred device: Intel(R) UHD Graphics 617 (low power)
2021-08-21 10:11:24.695 Unity[2047:77853] Metal devices available: 1
2021-08-21 10:11:24.696 Unity[2047:77853] 0: Intel(R) UHD Graphics 617 (low power)
2021-08-21 10:11:24.700 Unity[2047:77853] Using device Intel(R) UHD Graphics 617 (low power)
Initializing Metal device caps: Intel(R) UHD Graphics 617
Initialize mono
Mono path[0] = '/Applications/Unity/Hub/Editor/2020.3.12f1/Unity.app/Contents/Managed'
Mono path[1] = '/Applications/Unity/Hub/Editor/2020.3.12f1/Unity.app/Contents/MonoBleedingEdge/lib/mono/unityjit'
Mono config path = '/Applications/Unity/Hub/Editor/2020.3.12f1/Unity.app/Contents/MonoBleedingEdge/etc'
Using monoOptions --debugger-agent=transport=dt_socket,embedding=1,server=y,suspend=n,address=127.0.0.1:56047
Begin MonoManager ReloadAssembly
Registering precompiled unity dll's ...
Register platform support module: /Applications/Unity/Hub/Editor/2020.3.12f1/Unity.app/Contents/PlaybackEngines/MacStandaloneSupport/UnityEditor.OSXStandalone.Extensions.dll
Registered in 0.005430 seconds.
Native extension for OSXStandalone target not found
Refreshing native plugins compatible for Editor in 79.40 ms, found 2 plugins.
Preloading 0 native plugins for Editor in 0.00 ms.
Mono: successfully reloaded assembly
- Completed reload, in 17.955 seconds
Platform modules already initialized, skipping
Registering precompiled user dll's ...
Registered in 0.012217 seconds.
Begin MonoManager ReloadAssembly
Native extension for OSXStandalone target not found
Refreshing native plugins compatible for Editor in 0.49 ms, found 2 plugins.
Preloading 0 native plugins for Editor in 0.00 ms.
Mono: successfully reloaded assembly
- Completed reload, in  3.805 seconds
Platform modules already initialized, skipping
========================================================================
Worker process is ready to serve import requests
Launching external process: /Applications/Unity/Hub/Editor/2020.3.12f1/Unity.app/Contents/Tools/UnityShaderCompiler
Launched and connected shader compiler UnityShaderCompiler after 0.03 seconds
Refreshing native plugins compatible for Editor in 0.44 ms, found 2 plugins.
Preloading 0 native plugins for Editor in 0.00 ms.
Unloading 1390 Unused Serialized files (Serialized files now loaded: 0)
System memory in use before: 136.4 MB.
System memory in use after: 136.4 MB.

Unloading 19 unused Assets to reduce memory usage. Loaded Objects now: 1826.
Total: 2.663255 ms (FindLiveObjects: 0.241625 ms CreateObjectMapping: 0.057853 ms MarkObjects: 2.244997 ms  DeleteObjects: 0.117480 ms)

AssetImportParameters requested are different than current active one (requested -> active):
  custom:video-decoder-ogg-theora: a1e56fd34408186e4bbccfd4996cb3dc -> 
  custom:container-muxer-webm: aa71ff27fc2769a1b78a27578f13a17b -> 
  custom:container-demuxer-webm: 4f35f7cbe854078d1ac9338744f61a02 -> 
  custom:container-demuxer-ogg: 62fdf1f143b41e24485cea50d1cbac27 -> 
  custom:video-encoder-webm-vp8: eb34c28f22e8b96e1ab97ce403110664 -> 
  custom:framework-osx-AVFoundation: b23960f63f64bdc6ff669e2cdcee2391 -> 
  custom:video-decoder-webm-vp8: 9c59270c3fd7afecdb556c50c9e8de78 -> 
  custom:audio-decoder-ogg-vorbis: bf7c407c2cedff20999df2af8eb42d56 -> 
  custom:audio-encoder-webm-vorbis: bf7c407c2cedff20999df2af8eb42d56 -> 
========================================================================
Received Import Request.
  path: Assets/Highlight and then they'll click on it and then we can create a cube in it.prefab
  artifactKey: Guid(33c9e0e222d6844e6984da835e3ec077) Importer(815301076,1909f56bfc062723c751e8b465ee728b)
Start importing Assets/Highlight and then they'll click on it and then we can create a cube in it.prefab using Guid(33c9e0e222d6844e6984da835e3ec077) Importer(815301076,1909f56bfc062723c751e8b465ee728b)  -> (artifact id: '4886b029bffd53a0ff13d6afd42e4abc') in 1.828396 seconds 
  Import took 1.833492 seconds .

========================================================================
Received Prepare
Registering precompiled user dll's ...
Registered in 0.021079 seconds.
Begin MonoManager ReloadAssembly
Native extension for OSXStandalone target not found
Refreshing native plugins compatible for Editor in 1.03 ms, found 2 plugins.
Preloading 0 native plugins for Editor in 0.00 ms.
Mono: successfully reloaded assembly
- Completed reload, in 28.483 seconds
Platform modules already initialized, skipping
Refreshing native plugins compatible for Editor in 5.24 ms, found 2 plugins.
Preloading 0 native plugins for Editor in 0.00 ms.
Unloading 1385 Unused Serialized files (Serialized files now loaded: 0)
System memory in use before: 141.0 MB.
System memory in use after: 141.1 MB.

Unloading 14 unused Assets to reduce memory usage. Loaded Objects now: 1829.
Total: 20.445059 ms (FindLiveObjects: 1.430178 ms CreateObjectMapping: 6.300296 ms MarkObjects: 12.521747 ms  DeleteObjects: 0.182908 ms)

AssetImportParameters requested are different than current active one (requested -> active):
  custom:video-decoder-ogg-theora: a1e56fd34408186e4bbccfd4996cb3dc -> 
  custom:container-muxer-webm: aa71ff27fc2769a1b78a27578f13a17b -> 
  custom:container-demuxer-webm: 4f35f7cbe854078d1ac9338744f61a02 -> 
  custom:container-demuxer-ogg: 62fdf1f143b41e24485cea50d1cbac27 -> 
  custom:video-encoder-webm-vp8: eb34c28f22e8b96e1ab97ce403110664 -> 
  custom:framework-osx-AVFoundation: b23960f63f64bdc6ff669e2cdcee2391 -> 
  custom:video-decoder-webm-vp8: 9c59270c3fd7afecdb556c50c9e8de78 -> 
  custom:audio-decoder-ogg-vorbis: bf7c407c2cedff20999df2af8eb42d56 -> 
  custom:audio-encoder-webm-vorbis: bf7c407c2cedff20999df2af8eb42d56 -> 
========================================================================
Received Prepare
Registering precompiled user dll's ...
Registered in 0.009228 seconds.
Begin MonoManager ReloadAssembly
Native extension for OSXStandalone target not found
Refreshing native plugins compatible for Editor in 0.63 ms, found 2 plugins.
Preloading 0 native plugins for Editor in 0.00 ms.
Mono: successfully reloaded assembly
- Completed reload, in  7.480 seconds
Platform modules already initialized, skipping
Refreshing native plugins compatible for Editor in 0.83 ms, found 2 plugins.
Preloading 0 native plugins for Editor in 0.00 ms.
Unloading 1385 Unused Serialized files (Serialized files now loaded: 0)
System memory in use before: 141.2 MB.
System memory in use after: 141.3 MB.

Unloading 14 unused Assets to reduce memory usage. Loaded Objects now: 1832.
Total: 12.332308 ms (FindLiveObjects: 6.035823 ms CreateObjectMapping: 0.266134 ms MarkObjects: 5.923301 ms  DeleteObjects: 0.104513 ms)

AssetImportParameters requested are different than current active one (requested -> active):
  custom:video-decoder-ogg-theora: a1e56fd34408186e4bbccfd4996cb3dc -> 
  custom:container-muxer-webm: aa71ff27fc2769a1b78a27578f13a17b -> 
  custom:container-demuxer-webm: 4f35f7cbe854078d1ac9338744f61a02 -> 
  custom:container-demuxer-ogg: 62fdf1f143b41e24485cea50d1cbac27 -> 
  custom:video-encoder-webm-vp8: eb34c28f22e8b96e1ab97ce403110664 -> 
  custom:framework-osx-AVFoundation: b23960f63f64bdc6ff669e2cdcee2391 -> 
  custom:video-decoder-webm-vp8: 9c59270c3fd7afecdb556c50c9e8de78 -> 
  custom:audio-decoder-ogg-vorbis: bf7c407c2cedff20999df2af8eb42d56 -> 
  custom:audio-encoder-webm-vorbis: bf7c407c2cedff20999df2af8eb42d56 -> 
========================================================================
Received Import Request.
  Time since last request: 667.247820 seconds.
  path: Assets/SkyBox.mat
  artifactKey: Guid(9c9c162d307c547b289050191b3f06b3) Importer(815301076,1909f56bfc062723c751e8b465ee728b)
Start importing Assets/SkyBox.mat using Guid(9c9c162d307c547b289050191b3f06b3) Importer(815301076,1909f56bfc062723c751e8b465ee728b)  -> (artifact id: 'eddb534f2e792b03f802322c98556d72') in 1.232129 seconds 
  Import took 1.253103 seconds .

========================================================================
Received Import Request.
  Time since last request: 0.009585 seconds.
  path: Assets/SkyBox.mat
  artifactKey: Guid(9c9c162d307c547b289050191b3f06b3) Importer(815301076,1909f56bfc062723c751e8b465ee728b)
Start importing Assets/SkyBox.mat using Guid(9c9c162d307c547b289050191b3f06b3) Importer(815301076,1909f56bfc062723c751e8b465ee728b)  -> (artifact id: 'eddb534f2e792b03f802322c98556d72') in 0.056616 seconds 
  Import took 0.089318 seconds .

========================================================================
Received Import Request.
  Time since last request: 135.369306 seconds.
  path: Assets/SkyBox.mat
  artifactKey: Guid(9c9c162d307c547b289050191b3f06b3) Importer(815301076,1909f56bfc062723c751e8b465ee728b)
Start importing Assets/SkyBox.mat using Guid(9c9c162d307c547b289050191b3f06b3) Importer(815301076,1909f56bfc062723c751e8b465ee728b)  -> (artifact id: '9b024a0420f9960f9855be5eabce7f4c') in 0.246758 seconds 
  Import took 0.255093 seconds .

========================================================================
Received Import Request.
  Time since last request: 2.293361 seconds.
  path: Assets/Pieces.mat
  artifactKey: Guid(7bc61b97fa21b4628a29a3a7e9133cf7) Importer(815301076,1909f56bfc062723c751e8b465ee728b)
Start importing Assets/Pieces.mat using Guid(7bc61b97fa21b4628a29a3a7e9133cf7) Importer(815301076,1909f56bfc062723c751e8b465ee728b)  -> (artifact id: 'add1859d1a190223565b92ce6f1ece97') in 0.037433 seconds 
  Import took 0.045647 seconds .

========================================================================
Received Prepare
Registering precompiled user dll's ...
Registered in 0.019536 seconds.
Begin MonoManager ReloadAssembly
Native extension for OSXStandalone target not found
Refreshing native plugins compatible for Editor in 0.85 ms, found 2 plugins.
Preloading 0 native plugins for Editor in 0.00 ms.
Mono: successfully reloaded assembly
- Completed reload, in  9.833 seconds
Platform modules already initialized, skipping
Refreshing native plugins compatible for Editor in 1.05 ms, found 2 plugins.
Preloading 0 native plugins for Editor in 0.00 ms.
Unloading 1385 Unused Serialized files (Serialized files now loaded: 0)
System memory in use before: 149.4 MB.
System memory in use after: 149.5 MB.

Unloading 14 unused Assets to reduce memory usage. Loaded Objects now: 1875.
Total: 16.661330 ms (FindLiveObjects: 0.552355 ms CreateObjectMapping: 0.171957 ms MarkObjects: 15.723409 ms  DeleteObjects: 0.207671 ms)

AssetImportParameters requested are different than current active one (requested -> active):
  custom:video-decoder-ogg-theora: a1e56fd34408186e4bbccfd4996cb3dc -> 
  custom:container-muxer-webm: aa71ff27fc2769a1b78a27578f13a17b -> 
  custom:container-demuxer-webm: 4f35f7cbe854078d1ac9338744f61a02 -> 
  custom:container-demuxer-ogg: 62fdf1f143b41e24485cea50d1cbac27 -> 
  custom:video-encoder-webm-vp8: eb34c28f22e8b96e1ab97ce403110664 -> 
  custom:framework-osx-AVFoundation: b23960f63f64bdc6ff669e2cdcee2391 -> 
  custom:video-decoder-webm-vp8: 9c59270c3fd7afecdb556c50c9e8de78 -> 
  custom:audio-decoder-ogg-vorbis: bf7c407c2cedff20999df2af8eb42d56 -> 
  custom:audio-encoder-webm-vorbis: bf7c407c2cedff20999df2af8eb42d56 -> 
========================================================================
Received Import Request.
  Time since last request: 129.054594 seconds.
  path: Assets/Highlight and then they'll click on it and then we can create a cube in it.prefab
  artifactKey: Guid(33c9e0e222d6844e6984da835e3ec077) Importer(815301076,1909f56bfc062723c751e8b465ee728b)
Start importing Assets/Highlight and then they'll click on it and then we can create a cube in it.prefab using Guid(33c9e0e222d6844e6984da835e3ec077) Importer(815301076,1909f56bfc062723c751e8b465ee728b)  -> (artifact id: '2ec263e491adcefcaaeb9e52aa77ad17') in 0.297403 seconds 
  Import took 0.323239 seconds .

========================================================================
Received Import Request.
  Time since last request: 19.254173 seconds.
  path: Assets/Highlight and then they'll click on it and then we can create a cube in it.prefab
  artifactKey: Guid(33c9e0e222d6844e6984da835e3ec077) Importer(815301076,1909f56bfc062723c751e8b465ee728b)
Start importing Assets/Highlight and then they'll click on it and then we can create a cube in it.prefab using Guid(33c9e0e222d6844e6984da835e3ec077) Importer(815301076,1909f56bfc062723c751e8b465ee728b)  -> (artifact id: 'f1b5e034538fc1713b5e2baf89e58a71') in 0.016463 seconds 
  Import took 0.028797 seconds .

========================================================================
Received Import Request.
  Time since last request: 10.154645 seconds.
  path: Assets/Highlight and then they'll click on it and then we can create a cube in it.prefab
  artifactKey: Guid(33c9e0e222d6844e6984da835e3ec077) Importer(815301076,1909f56bfc062723c751e8b465ee728b)
Start importing Assets/Highlight and then they'll click on it and then we can create a cube in it.prefab using Guid(33c9e0e222d6844e6984da835e3ec077) Importer(815301076,1909f56bfc062723c751e8b465ee728b)  -> (artifact id: '1dc85d5d188a0c2ad9ecd7c82c8f194b') in 0.023497 seconds 
  Import took 0.035244 seconds .

========================================================================
Received Import Request.
  Time since last request: 27.569445 seconds.
  path: Assets/Highlight and then they'll click on it and then we can create a cube in it.prefab
  artifactKey: Guid(33c9e0e222d6844e6984da835e3ec077) Importer(815301076,1909f56bfc062723c751e8b465ee728b)
Start importing Assets/Highlight and then they'll click on it and then we can create a cube in it.prefab using Guid(33c9e0e222d6844e6984da835e3ec077) Importer(815301076,1909f56bfc062723c751e8b465ee728b)  -> (artifact id: 'a46a39bed87181179f741a4033ea9bf8') in 0.052542 seconds 
  Import took 0.077316 seconds .

========================================================================
Received Import Request.
  Time since last request: 26.509213 seconds.
  path: Assets/Trail.mat
  artifactKey: Guid(81a5c00203b37489b91622562ec75010) Importer(815301076,1909f56bfc062723c751e8b465ee728b)
Start importing Assets/Trail.mat using Guid(81a5c00203b37489b91622562ec75010) Importer(815301076,1909f56bfc062723c751e8b465ee728b)  -> (artifact id: 'e157d6615c1c53249cfe13d4eb2fa7d2') in 0.169948 seconds 
  Import took 0.180165 seconds .

========================================================================
Received Import Request.
  Time since last request: 45.007866 seconds.
  path: Assets/Highlight and then they'll click on it and then we can create a cube in it.prefab
  artifactKey: Guid(33c9e0e222d6844e6984da835e3ec077) Importer(815301076,1909f56bfc062723c751e8b465ee728b)
Start importing Assets/Highlight and then they'll click on it and then we can create a cube in it.prefab using Guid(33c9e0e222d6844e6984da835e3ec077) Importer(815301076,1909f56bfc062723c751e8b465ee728b)  -> (artifact id: 'a284fc70e40a91b9b59ab0f33a673344') in 0.044008 seconds 
  Import took 0.060216 seconds .

========================================================================
Received Import Request.
  Time since last request: 31.424983 seconds.
  path: Assets/Highlight and then they'll click on it and then we can create a cube in it.prefab
  artifactKey: Guid(33c9e0e222d6844e6984da835e3ec077) Importer(815301076,1909f56bfc062723c751e8b465ee728b)
Start importing Assets/Highlight and then they'll click on it and then we can create a cube in it.prefab using Guid(33c9e0e222d6844e6984da835e3ec077) Importer(815301076,1909f56bfc062723c751e8b465ee728b)  -> (artifact id: '670fb2925745d12bb51c9afcbb0236fd') in 0.020814 seconds 
  Import took 0.035174 seconds .

========================================================================
Received Import Request.
  Time since last request: 6.577779 seconds.
  path: Assets/Highlight and then they'll click on it and then we can create a cube in it.prefab
  artifactKey: Guid(33c9e0e222d6844e6984da835e3ec077) Importer(815301076,1909f56bfc062723c751e8b465ee728b)
Start importing Assets/Highlight and then they'll click on it and then we can create a cube in it.prefab using Guid(33c9e0e222d6844e6984da835e3ec077) Importer(815301076,1909f56bfc062723c751e8b465ee728b)  -> (artifact id: 'cfa74f2a4ede877281ba698086b27ece') in 0.009610 seconds 
  Import took 0.018894 seconds .

========================================================================
Received Import Request.
  Time since last request: 7.022231 seconds.
  path: Assets/Highlight and then they'll click on it and then we can create a cube in it.prefab
  artifactKey: Guid(33c9e0e222d6844e6984da835e3ec077) Importer(815301076,1909f56bfc062723c751e8b465ee728b)
Start importing Assets/Highlight and then they'll click on it and then we can create a cube in it.prefab using Guid(33c9e0e222d6844e6984da835e3ec077) Importer(815301076,1909f56bfc062723c751e8b465ee728b)  -> (artifact id: '8a88f57e19d55fb2870360e3b8bdc3a1') in 0.013348 seconds 
  Import took 0.021447 seconds .

========================================================================
Received Import Request.
  Time since last request: 1.289342 seconds.
  path: Assets/Highlight and then they'll click on it and then we can create a cube in it.prefab
  artifactKey: Guid(33c9e0e222d6844e6984da835e3ec077) Importer(815301076,1909f56bfc062723c751e8b465ee728b)
Start importing Assets/Highlight and then they'll click on it and then we can create a cube in it.prefab using Guid(33c9e0e222d6844e6984da835e3ec077) Importer(815301076,1909f56bfc062723c751e8b465ee728b)  -> (artifact id: 'cc5de5bdd106a904d40ef3da4eb5c533') in 0.031539 seconds 
  Import took 0.043064 seconds .

========================================================================
Received Import Request.
  Time since last request: 10.892878 seconds.
  path: Assets/Highlight and then they'll click on it and then we can create a cube in it.prefab
  artifactKey: Guid(33c9e0e222d6844e6984da835e3ec077) Importer(815301076,1909f56bfc062723c751e8b465ee728b)
Start importing Assets/Highlight and then they'll click on it and then we can create a cube in it.prefab using Guid(33c9e0e222d6844e6984da835e3ec077) Importer(815301076,1909f56bfc062723c751e8b465ee728b)  -> (artifact id: 'f9fa8f9820f124886c48a7a47eacf7ad') in 0.015352 seconds 
  Import took 0.030025 seconds .

========================================================================
Received Prepare
Registering precompiled user dll's ...
Registered in 0.019372 seconds.
Begin MonoManager ReloadAssembly
Native extension for OSXStandalone target not found
Refreshing native plugins compatible for Editor in 0.58 ms, found 2 plugins.
Preloading 0 native plugins for Editor in 0.00 ms.
Mono: successfully reloaded assembly
- Completed reload, in  3.861 seconds
Platform modules already initialized, skipping
Refreshing native plugins compatible for Editor in 0.61 ms, found 2 plugins.
Preloading 0 native plugins for Editor in 0.00 ms.
Unloading 1385 Unused Serialized files (Serialized files now loaded: 0)
System memory in use before: 149.7 MB.
System memory in use after: 149.7 MB.

Unloading 14 unused Assets to reduce memory usage. Loaded Objects now: 1879.
Total: 3.193683 ms (FindLiveObjects: 0.264433 ms CreateObjectMapping: 0.079687 ms MarkObjects: 2.765807 ms  DeleteObjects: 0.082290 ms)

AssetImportParameters requested are different than current active one (requested -> active):
  custom:video-decoder-ogg-theora: a1e56fd34408186e4bbccfd4996cb3dc -> 
  custom:container-muxer-webm: aa71ff27fc2769a1b78a27578f13a17b -> 
  custom:container-demuxer-webm: 4f35f7cbe854078d1ac9338744f61a02 -> 
  custom:container-demuxer-ogg: 62fdf1f143b41e24485cea50d1cbac27 -> 
  custom:video-encoder-webm-vp8: eb34c28f22e8b96e1ab97ce403110664 -> 
  custom:framework-osx-AVFoundation: b23960f63f64bdc6ff669e2cdcee2391 -> 
  custom:video-decoder-webm-vp8: 9c59270c3fd7afecdb556c50c9e8de78 -> 
  custom:audio-decoder-ogg-vorbis: bf7c407c2cedff20999df2af8eb42d56 -> 
  custom:audio-encoder-webm-vorbis: bf7c407c2cedff20999df2af8eb42d56 -> 
========================================================================
Received Prepare
Registering precompiled user dll's ...
Registered in 0.009843 seconds.
Begin MonoManager ReloadAssembly
Native extension for OSXStandalone target not found
Refreshing native plugins compatible for Editor in 0.85 ms, found 2 plugins.
Preloading 0 native plugins for Editor in 0.00 ms.
Mono: successfully reloaded assembly
- Completed reload, in 15.625 seconds
Platform modules already initialized, skipping
Refreshing native plugins compatible for Editor in 1.88 ms, found 2 plugins.
Preloading 0 native plugins for Editor in 0.00 ms.
Unloading 1385 Unused Serialized files (Serialized files now loaded: 0)
System memory in use before: 149.8 MB.
System memory in use after: 149.8 MB.

Unloading 14 unused Assets to reduce memory usage. Loaded Objects now: 1882.
Total: 27.461346 ms (FindLiveObjects: 0.732875 ms CreateObjectMapping: 9.627683 ms MarkObjects: 16.979223 ms  DeleteObjects: 0.114595 ms)

AssetImportParameters requested are different than current active one (requested -> active):
  custom:video-decoder-ogg-theora: a1e56fd34408186e4bbccfd4996cb3dc -> 
  custom:container-muxer-webm: aa71ff27fc2769a1b78a27578f13a17b -> 
  custom:container-demuxer-webm: 4f35f7cbe854078d1ac9338744f61a02 -> 
  custom:container-demuxer-ogg: 62fdf1f143b41e24485cea50d1cbac27 -> 
  custom:video-encoder-webm-vp8: eb34c28f22e8b96e1ab97ce403110664 -> 
  custom:framework-osx-AVFoundation: b23960f63f64bdc6ff669e2cdcee2391 -> 
  custom:video-decoder-webm-vp8: 9c59270c3fd7afecdb556c50c9e8de78 -> 
  custom:audio-decoder-ogg-vorbis: bf7c407c2cedff20999df2af8eb42d56 -> 
  custom:audio-encoder-webm-vorbis: bf7c407c2cedff20999df2af8eb42d56 -> 
========================================================================
Received Import Request.
  Time since last request: 234.915338 seconds.
  path: Assets/Free Low Poly Chess Set/Queen/Materials
  artifactKey: Guid(5f23ee2f52ad61142a6268632cfe47c6) Importer(815301076,1909f56bfc062723c751e8b465ee728b)
Start importing Assets/Free Low Poly Chess Set/Queen/Materials using Guid(5f23ee2f52ad61142a6268632cfe47c6) Importer(815301076,1909f56bfc062723c751e8b465ee728b)  -> (artifact id: '11fc21987f3dbeba5f55031c439a8311') in 0.009340 seconds 
  Import took 0.015347 seconds .

========================================================================
Received Import Request.
  Time since last request: 1.827515 seconds.
  path: Assets/Free Low Poly Chess Set/Queen/Mesh
  artifactKey: Guid(a65af2123801a084a95505298ba00b59) Importer(815301076,1909f56bfc062723c751e8b465ee728b)
Start importing Assets/Free Low Poly Chess Set/Queen/Mesh using Guid(a65af2123801a084a95505298ba00b59) Importer(815301076,1909f56bfc062723c751e8b465ee728b)  -> (artifact id: '3527935b54b31699a49dc7d4ed8b31fe') in 0.005201 seconds 
  Import took 0.013614 seconds .

========================================================================
Received Import Request.
  Time since last request: 0.539040 seconds.
  path: Assets/Free Low Poly Chess Set/Queen/Prefabs
  artifactKey: Guid(c80d2a22c458bf243a9084221445ade1) Importer(815301076,1909f56bfc062723c751e8b465ee728b)
Start importing Assets/Free Low Poly Chess Set/Queen/Prefabs using Guid(c80d2a22c458bf243a9084221445ade1) Importer(815301076,1909f56bfc062723c751e8b465ee728b)  -> (artifact id: 'ae2d6c57cf9388421c7253d9002e0ca1') in 0.003477 seconds 
  Import took 0.009742 seconds .

========================================================================
Received Prepare
Registering precompiled user dll's ...
Registered in 0.026137 seconds.
Begin MonoManager ReloadAssembly
Native extension for OSXStandalone target not found
Refreshing native plugins compatible for Editor in 1.01 ms, found 2 plugins.
Preloading 0 native plugins for Editor in 0.00 ms.
Mono: successfully reloaded assembly
- Completed reload, in  3.103 seconds
Platform modules already initialized, skipping
Refreshing native plugins compatible for Editor in 0.67 ms, found 2 plugins.
Preloading 0 native plugins for Editor in 0.00 ms.
Unloading 1385 Unused Serialized files (Serialized files now loaded: 0)
System memory in use before: 150.0 MB.
System memory in use after: 150.0 MB.

Unloading 14 unused Assets to reduce memory usage. Loaded Objects now: 1885.
Total: 4.511679 ms (FindLiveObjects: 0.421822 ms CreateObjectMapping: 0.334609 ms MarkObjects: 3.657956 ms  DeleteObjects: 0.095147 ms)

AssetImportParameters requested are different than current active one (requested -> active):
  custom:video-decoder-ogg-theora: a1e56fd34408186e4bbccfd4996cb3dc -> 
  custom:container-muxer-webm: aa71ff27fc2769a1b78a27578f13a17b -> 
  custom:container-demuxer-webm: 4f35f7cbe854078d1ac9338744f61a02 -> 
  custom:container-demuxer-ogg: 62fdf1f143b41e24485cea50d1cbac27 -> 
  custom:video-encoder-webm-vp8: eb34c28f22e8b96e1ab97ce403110664 -> 
  custom:framework-osx-AVFoundation: b23960f63f64bdc6ff669e2cdcee2391 -> 
  custom:video-decoder-webm-vp8: 9c59270c3fd7afecdb556c50c9e8de78 -> 
  custom:audio-decoder-ogg-vorbis: bf7c407c2cedff20999df2af8eb42d56 -> 
  custom:audio-encoder-webm-vorbis: bf7c407c2cedff20999df2af8eb42d56 -> 
========================================================================
Received Import Request.
  Time since last request: 210.139390 seconds.
  path: Assets/Highlight and then they'll click on it and then we can create a cube in it.prefab
  artifactKey: Guid(33c9e0e222d6844e6984da835e3ec077) Importer(815301076,1909f56bfc062723c751e8b465ee728b)
Start importing Assets/Highlight and then they'll click on it and then we can create a cube in it.prefab using Guid(33c9e0e222d6844e6984da835e3ec077) Importer(815301076,1909f56bfc062723c751e8b465ee728b)  -> (artifact id: '8618f0832bf9e47ab2da7de2014aca6b') in 0.227720 seconds 
  Import took 0.237230 seconds .

========================================================================
Received Import Request.
  Time since last request: 12.122317 seconds.
  path: Assets/Highlight and then they'll click on it and then we can create a cube in it.prefab
  artifactKey: Guid(33c9e0e222d6844e6984da835e3ec077) Importer(815301076,1909f56bfc062723c751e8b465ee728b)
Start importing Assets/Highlight and then they'll click on it and then we can create a cube in it.prefab using Guid(33c9e0e222d6844e6984da835e3ec077) Importer(815301076,1909f56bfc062723c751e8b465ee728b)  -> (artifact id: 'f425939148db575fd16f2a92fe34647b') in 0.038407 seconds 
  Import took 0.044833 seconds .

========================================================================
Received Import Request.
  Time since last request: 3.950480 seconds.
  path: Assets/Highlight and then they'll click on it and then we can create a cube in it.prefab
  artifactKey: Guid(33c9e0e222d6844e6984da835e3ec077) Importer(815301076,1909f56bfc062723c751e8b465ee728b)
Start importing Assets/Highlight and then they'll click on it and then we can create a cube in it.prefab using Guid(33c9e0e222d6844e6984da835e3ec077) Importer(815301076,1909f56bfc062723c751e8b465ee728b)  -> (artifact id: 'ff5d24f1b343cc5405101f6a59633616') in 0.066094 seconds 
  Import took 0.072969 seconds .

========================================================================
Received Import Request.
  Time since last request: 1.834212 seconds.
  path: Assets/Highlight and then they'll click on it and then we can create a cube in it.prefab
  artifactKey: Guid(33c9e0e222d6844e6984da835e3ec077) Importer(815301076,1909f56bfc062723c751e8b465ee728b)
Start importing Assets/Highlight and then they'll click on it and then we can create a cube in it.prefab using Guid(33c9e0e222d6844e6984da835e3ec077) Importer(815301076,1909f56bfc062723c751e8b465ee728b)  -> (artifact id: '47d09395ff670f46c9e2340c58d5a1d0') in 0.069853 seconds 
  Import took 0.077178 seconds .

========================================================================
Received Prepare
Registering precompiled user dll's ...
Registered in 0.013829 seconds.
Begin MonoManager ReloadAssembly
Native extension for OSXStandalone target not found
Refreshing native plugins compatible for Editor in 0.89 ms, found 2 plugins.
Preloading 0 native plugins for Editor in 0.00 ms.
Mono: successfully reloaded assembly
- Completed reload, in  5.061 seconds
Platform modules already initialized, skipping
Refreshing native plugins compatible for Editor in 0.50 ms, found 2 plugins.
Preloading 0 native plugins for Editor in 0.00 ms.
Unloading 1385 Unused Serialized files (Serialized files now loaded: 0)
System memory in use before: 150.3 MB.
System memory in use after: 150.3 MB.

Unloading 17 unused Assets to reduce memory usage. Loaded Objects now: 1890.
Total: 3.505568 ms (FindLiveObjects: 0.262586 ms CreateObjectMapping: 0.082802 ms MarkObjects: 3.050134 ms  DeleteObjects: 0.107994 ms)

AssetImportParameters requested are different than current active one (requested -> active):
  custom:video-decoder-ogg-theora: a1e56fd34408186e4bbccfd4996cb3dc -> 
  custom:container-muxer-webm: aa71ff27fc2769a1b78a27578f13a17b -> 
  custom:container-demuxer-webm: 4f35f7cbe854078d1ac9338744f61a02 -> 
  custom:container-demuxer-ogg: 62fdf1f143b41e24485cea50d1cbac27 -> 
  custom:video-encoder-webm-vp8: eb34c28f22e8b96e1ab97ce403110664 -> 
  custom:framework-osx-AVFoundation: b23960f63f64bdc6ff669e2cdcee2391 -> 
  custom:video-decoder-webm-vp8: 9c59270c3fd7afecdb556c50c9e8de78 -> 
  custom:audio-decoder-ogg-vorbis: bf7c407c2cedff20999df2af8eb42d56 -> 
  custom:audio-encoder-webm-vorbis: bf7c407c2cedff20999df2af8eb42d56 -> 
========================================================================
Received Import Request.
  Time since last request: 45.788724 seconds.
  path: Assets/Highlight and then they'll click on it and then we can create a cube in it.prefab
  artifactKey: Guid(33c9e0e222d6844e6984da835e3ec077) Importer(815301076,1909f56bfc062723c751e8b465ee728b)
Start importing Assets/Highlight and then they'll click on it and then we can create a cube in it.prefab using Guid(33c9e0e222d6844e6984da835e3ec077) Importer(815301076,1909f56bfc062723c751e8b465ee728b)  -> (artifact id: '4d3901d947cfeb2d970ecdda80ab9d87') in 0.193295 seconds 
  Import took 0.198234 seconds .

========================================================================
Received Import Request.
  Time since last request: 2.676931 seconds.
  path: Assets/Highlight and then they'll click on it and then we can create a cube in it.prefab
  artifactKey: Guid(33c9e0e222d6844e6984da835e3ec077) Importer(815301076,1909f56bfc062723c751e8b465ee728b)
Start importing Assets/Highlight and then they'll click on it and then we can create a cube in it.prefab using Guid(33c9e0e222d6844e6984da835e3ec077) Importer(815301076,1909f56bfc062723c751e8b465ee728b)  -> (artifact id: '4d3901d947cfeb2d970ecdda80ab9d87') in 0.032826 seconds 
  Import took 0.037831 seconds .

========================================================================
Received Import Request.
  Time since last request: 20.725875 seconds.
  path: Assets/ChessPieceBehavior.cs
  artifactKey: Guid(886bc581122b9484a96f796a2888be10) Importer(815301076,1909f56bfc062723c751e8b465ee728b)
Start importing Assets/ChessPieceBehavior.cs using Guid(886bc581122b9484a96f796a2888be10) Importer(815301076,1909f56bfc062723c751e8b465ee728b)  -> (artifact id: 'a019ddab16649cd57d730fdf917e5187') in 2.676548 seconds 
  Import took 2.700508 seconds .

========================================================================
Received Prepare
Registering precompiled user dll's ...
Registered in 0.022606 seconds.
Begin MonoManager ReloadAssembly
Native extension for OSXStandalone target not found
Refreshing native plugins compatible for Editor in 0.74 ms, found 2 plugins.
Preloading 0 native plugins for Editor in 0.00 ms.
Mono: successfully reloaded assembly
- Completed reload, in  6.545 seconds
Platform modules already initialized, skipping
Refreshing native plugins compatible for Editor in 0.82 ms, found 2 plugins.
Preloading 0 native plugins for Editor in 0.00 ms.
Unloading 1385 Unused Serialized files (Serialized files now loaded: 0)
System memory in use before: 154.7 MB.
System memory in use after: 154.8 MB.

Unloading 15 unused Assets to reduce memory usage. Loaded Objects now: 1894.
Total: 9.029102 ms (FindLiveObjects: 4.068487 ms CreateObjectMapping: 0.289667 ms MarkObjects: 4.548059 ms  DeleteObjects: 0.120875 ms)

AssetImportParameters requested are different than current active one (requested -> active):
  custom:video-decoder-ogg-theora: a1e56fd34408186e4bbccfd4996cb3dc -> 
  custom:container-muxer-webm: aa71ff27fc2769a1b78a27578f13a17b -> 
  custom:container-demuxer-webm: 4f35f7cbe854078d1ac9338744f61a02 -> 
  custom:container-demuxer-ogg: 62fdf1f143b41e24485cea50d1cbac27 -> 
  custom:video-encoder-webm-vp8: eb34c28f22e8b96e1ab97ce403110664 -> 
  custom:framework-osx-AVFoundation: b23960f63f64bdc6ff669e2cdcee2391 -> 
  custom:video-decoder-webm-vp8: 9c59270c3fd7afecdb556c50c9e8de78 -> 
  custom:audio-decoder-ogg-vorbis: bf7c407c2cedff20999df2af8eb42d56 -> 
  custom:audio-encoder-webm-vorbis: bf7c407c2cedff20999df2af8eb42d56 -> 
========================================================================
Received Prepare
Registering precompiled user dll's ...
Registered in 0.005840 seconds.
Begin MonoManager ReloadAssembly
Native extension for OSXStandalone target not found
Refreshing native plugins compatible for Editor in 0.46 ms, found 2 plugins.
Preloading 0 native plugins for Editor in 0.00 ms.
Mono: successfully reloaded assembly
- Completed reload, in  3.122 seconds
Platform modules already initialized, skipping
Refreshing native plugins compatible for Editor in 0.45 ms, found 2 plugins.
Preloading 0 native plugins for Editor in 0.00 ms.
Unloading 1385 Unused Serialized files (Serialized files now loaded: 0)
System memory in use before: 154.9 MB.
System memory in use after: 155.0 MB.

Unloading 14 unused Assets to reduce memory usage. Loaded Objects now: 1897.
Total: 4.144496 ms (FindLiveObjects: 0.638775 ms CreateObjectMapping: 0.221011 ms MarkObjects: 3.128021 ms  DeleteObjects: 0.155168 ms)

AssetImportParameters requested are different than current active one (requested -> active):
  custom:video-decoder-ogg-theora: a1e56fd34408186e4bbccfd4996cb3dc -> 
  custom:container-muxer-webm: aa71ff27fc2769a1b78a27578f13a17b -> 
  custom:container-demuxer-webm: 4f35f7cbe854078d1ac9338744f61a02 -> 
  custom:container-demuxer-ogg: 62fdf1f143b41e24485cea50d1cbac27 -> 
  custom:video-encoder-webm-vp8: eb34c28f22e8b96e1ab97ce403110664 -> 
  custom:framework-osx-AVFoundation: b23960f63f64bdc6ff669e2cdcee2391 -> 
  custom:video-decoder-webm-vp8: 9c59270c3fd7afecdb556c50c9e8de78 -> 
  custom:audio-decoder-ogg-vorbis: bf7c407c2cedff20999df2af8eb42d56 -> 
  custom:audio-encoder-webm-vorbis: bf7c407c2cedff20999df2af8eb42d56 -> 
========================================================================
Received Import Request.
  Time since last request: 167.476540 seconds.
  path: Assets/ChessPieceBehavior.cs
  artifactKey: Guid(886bc581122b9484a96f796a2888be10) Importer(815301076,1909f56bfc062723c751e8b465ee728b)
Start importing Assets/ChessPieceBehavior.cs using Guid(886bc581122b9484a96f796a2888be10) Importer(815301076,1909f56bfc062723c751e8b465ee728b)  -> (artifact id: 'd1c73a4ccbde5421d06f28889cc95fc1') in 0.024144 seconds 
  Import took 0.029282 seconds .

========================================================================
Received Prepare
Registering precompiled user dll's ...
Registered in 0.020006 seconds.
Begin MonoManager ReloadAssembly
Native extension for OSXStandalone target not found
Refreshing native plugins compatible for Editor in 1.00 ms, found 2 plugins.
Preloading 0 native plugins for Editor in 0.00 ms.
Mono: successfully reloaded assembly
- Completed reload, in  3.405 seconds
Platform modules already initialized, skipping
Refreshing native plugins compatible for Editor in 0.59 ms, found 2 plugins.
Preloading 0 native plugins for Editor in 0.00 ms.
Unloading 1385 Unused Serialized files (Serialized files now loaded: 0)
System memory in use before: 155.1 MB.
System memory in use after: 155.1 MB.

Unloading 14 unused Assets to reduce memory usage. Loaded Objects now: 1900.
Total: 5.256110 ms (FindLiveObjects: 0.519901 ms CreateObjectMapping: 0.134306 ms MarkObjects: 4.486119 ms  DeleteObjects: 0.113185 ms)

AssetImportParameters requested are different than current active one (requested -> active):
  custom:video-decoder-ogg-theora: a1e56fd34408186e4bbccfd4996cb3dc -> 
  custom:container-muxer-webm: aa71ff27fc2769a1b78a27578f13a17b -> 
  custom:container-demuxer-webm: 4f35f7cbe854078d1ac9338744f61a02 -> 
  custom:container-demuxer-ogg: 62fdf1f143b41e24485cea50d1cbac27 -> 
  custom:video-encoder-webm-vp8: eb34c28f22e8b96e1ab97ce403110664 -> 
  custom:framework-osx-AVFoundation: b23960f63f64bdc6ff669e2cdcee2391 -> 
  custom:video-decoder-webm-vp8: 9c59270c3fd7afecdb556c50c9e8de78 -> 
  custom:audio-decoder-ogg-vorbis: bf7c407c2cedff20999df2af8eb42d56 -> 
  custom:audio-encoder-webm-vorbis: bf7c407c2cedff20999df2af8eb42d56 -> 
========================================================================
Received Import Request.
  Time since last request: 107.114479 seconds.
  path: Assets/Highlight and then they'll click on it and then we can create a cube in it.prefab
  artifactKey: Guid(33c9e0e222d6844e6984da835e3ec077) Importer(815301076,1909f56bfc062723c751e8b465ee728b)
Start importing Assets/Highlight and then they'll click on it and then we can create a cube in it.prefab using Guid(33c9e0e222d6844e6984da835e3ec077) Importer(815301076,1909f56bfc062723c751e8b465ee728b)  -> (artifact id: '8f9adf71937c0ae77e2cc1138e64e4bf') in 0.192053 seconds 
  Import took 0.199142 seconds .

========================================================================
Received Import Request.
  Time since last request: 3.111365 seconds.
  path: Assets/Highlight and then they'll click on it and then we can create a cube in it.prefab
  artifactKey: Guid(33c9e0e222d6844e6984da835e3ec077) Importer(815301076,1909f56bfc062723c751e8b465ee728b)
Start importing Assets/Highlight and then they'll click on it and then we can create a cube in it.prefab using Guid(33c9e0e222d6844e6984da835e3ec077) Importer(815301076,1909f56bfc062723c751e8b465ee728b)  -> (artifact id: '8f9adf71937c0ae77e2cc1138e64e4bf') in 0.021899 seconds 
  Import took 0.027406 seconds .

========================================================================
Received Prepare
Registering precompiled user dll's ...
Registered in 0.011807 seconds.
Begin MonoManager ReloadAssembly
Native extension for OSXStandalone target not found
Refreshing native plugins compatible for Editor in 0.76 ms, found 2 plugins.
Preloading 0 native plugins for Editor in 0.00 ms.
Mono: successfully reloaded assembly
- Completed reload, in  2.894 seconds
Platform modules already initialized, skipping
Refreshing native plugins compatible for Editor in 0.47 ms, found 2 plugins.
Preloading 0 native plugins for Editor in 0.00 ms.
Unloading 1385 Unused Serialized files (Serialized files now loaded: 0)
System memory in use before: 155.3 MB.
System memory in use after: 155.4 MB.

Unloading 15 unused Assets to reduce memory usage. Loaded Objects now: 1904.
Total: 3.815872 ms (FindLiveObjects: 0.824314 ms CreateObjectMapping: 0.165527 ms MarkObjects: 2.730007 ms  DeleteObjects: 0.092193 ms)

AssetImportParameters requested are different than current active one (requested -> active):
  custom:video-decoder-ogg-theora: a1e56fd34408186e4bbccfd4996cb3dc -> 
  custom:container-muxer-webm: aa71ff27fc2769a1b78a27578f13a17b -> 
  custom:container-demuxer-webm: 4f35f7cbe854078d1ac9338744f61a02 -> 
  custom:container-demuxer-ogg: 62fdf1f143b41e24485cea50d1cbac27 -> 
  custom:video-encoder-webm-vp8: eb34c28f22e8b96e1ab97ce403110664 -> 
  custom:framework-osx-AVFoundation: b23960f63f64bdc6ff669e2cdcee2391 -> 
  custom:video-decoder-webm-vp8: 9c59270c3fd7afecdb556c50c9e8de78 -> 
  custom:audio-decoder-ogg-vorbis: bf7c407c2cedff20999df2af8eb42d56 -> 
  custom:audio-encoder-webm-vorbis: bf7c407c2cedff20999df2af8eb42d56 -> 
========================================================================
Received Prepare
Registering precompiled user dll's ...
Registered in 0.004639 seconds.
Begin MonoManager ReloadAssembly
Native extension for OSXStandalone target not found
Refreshing native plugins compatible for Editor in 0.43 ms, found 2 plugins.
Preloading 0 native plugins for Editor in 0.00 ms.
Mono: successfully reloaded assembly
- Completed reload, in  2.911 seconds
Platform modules already initialized, skipping
Refreshing native plugins compatible for Editor in 0.48 ms, found 2 plugins.
Preloading 0 native plugins for Editor in 0.00 ms.
Unloading 1385 Unused Serialized files (Serialized files now loaded: 0)
System memory in use before: 155.5 MB.
System memory in use after: 155.5 MB.

Unloading 14 unused Assets to reduce memory usage. Loaded Objects now: 1907.
Total: 5.790941 ms (FindLiveObjects: 0.386837 ms CreateObjectMapping: 0.121952 ms MarkObjects: 4.964458 ms  DeleteObjects: 0.315396 ms)

AssetImportParameters requested are different than current active one (requested -> active):
  custom:video-decoder-ogg-theora: a1e56fd34408186e4bbccfd4996cb3dc -> 
  custom:container-muxer-webm: aa71ff27fc2769a1b78a27578f13a17b -> 
  custom:container-demuxer-webm: 4f35f7cbe854078d1ac9338744f61a02 -> 
  custom:container-demuxer-ogg: 62fdf1f143b41e24485cea50d1cbac27 -> 
  custom:video-encoder-webm-vp8: eb34c28f22e8b96e1ab97ce403110664 -> 
  custom:framework-osx-AVFoundation: b23960f63f64bdc6ff669e2cdcee2391 -> 
  custom:video-decoder-webm-vp8: 9c59270c3fd7afecdb556c50c9e8de78 -> 
  custom:audio-decoder-ogg-vorbis: bf7c407c2cedff20999df2af8eb42d56 -> 
  custom:audio-encoder-webm-vorbis: bf7c407c2cedff20999df2af8eb42d56 -> 
========================================================================
Received Prepare
Registering precompiled user dll's ...
Registered in 0.006766 seconds.
Begin MonoManager ReloadAssembly
Native extension for OSXStandalone target not found
Refreshing native plugins compatible for Editor in 6.12 ms, found 2 plugins.
Preloading 0 native plugins for Editor in 0.00 ms.
Mono: successfully reloaded assembly
- Completed reload, in 12.453 seconds
Platform modules already initialized, skipping
Refreshing native plugins compatible for Editor in 0.81 ms, found 2 plugins.
Preloading 0 native plugins for Editor in 0.00 ms.
Unloading 1385 Unused Serialized files (Serialized files now loaded: 0)
System memory in use before: 155.7 MB.
System memory in use after: 155.7 MB.

Unloading 14 unused Assets to reduce memory usage. Loaded Objects now: 1910.
Total: 6.147219 ms (FindLiveObjects: 0.793116 ms CreateObjectMapping: 0.230231 ms MarkObjects: 4.996522 ms  DeleteObjects: 0.122065 ms)

AssetImportParameters requested are different than current active one (requested -> active):
  custom:video-decoder-ogg-theora: a1e56fd34408186e4bbccfd4996cb3dc -> 
  custom:container-muxer-webm: aa71ff27fc2769a1b78a27578f13a17b -> 
  custom:container-demuxer-webm: 4f35f7cbe854078d1ac9338744f61a02 -> 
  custom:container-demuxer-ogg: 62fdf1f143b41e24485cea50d1cbac27 -> 
  custom:video-encoder-webm-vp8: eb34c28f22e8b96e1ab97ce403110664 -> 
  custom:framework-osx-AVFoundation: b23960f63f64bdc6ff669e2cdcee2391 -> 
  custom:video-decoder-webm-vp8: 9c59270c3fd7afecdb556c50c9e8de78 -> 
  custom:audio-decoder-ogg-vorbis: bf7c407c2cedff20999df2af8eb42d56 -> 
  custom:audio-encoder-webm-vorbis: bf7c407c2cedff20999df2af8eb42d56 -> 
========================================================================
Received Prepare
Registering precompiled user dll's ...
Registered in 0.010889 seconds.
Begin MonoManager ReloadAssembly
Native extension for OSXStandalone target not found
Refreshing native plugins compatible for Editor in 1.25 ms, found 2 plugins.
Preloading 0 native plugins for Editor in 0.00 ms.
Mono: successfully reloaded assembly
- Completed reload, in 16.380 seconds
Platform modules already initialized, skipping
Refreshing native plugins compatible for Editor in 1.76 ms, found 2 plugins.
Preloading 0 native plugins for Editor in 0.00 ms.
Unloading 1385 Unused Serialized files (Serialized files now loaded: 0)
System memory in use before: 155.8 MB.
System memory in use after: 155.9 MB.

Unloading 14 unused Assets to reduce memory usage. Loaded Objects now: 1913.
Total: 7.313225 ms (FindLiveObjects: 0.551758 ms CreateObjectMapping: 0.173026 ms MarkObjects: 6.094331 ms  DeleteObjects: 0.490703 ms)

AssetImportParameters requested are different than current active one (requested -> active):
  custom:video-decoder-ogg-theora: a1e56fd34408186e4bbccfd4996cb3dc -> 
  custom:container-muxer-webm: aa71ff27fc2769a1b78a27578f13a17b -> 
  custom:container-demuxer-webm: 4f35f7cbe854078d1ac9338744f61a02 -> 
  custom:container-demuxer-ogg: 62fdf1f143b41e24485cea50d1cbac27 -> 
  custom:video-encoder-webm-vp8: eb34c28f22e8b96e1ab97ce403110664 -> 
  custom:framework-osx-AVFoundation: b23960f63f64bdc6ff669e2cdcee2391 -> 
  custom:video-decoder-webm-vp8: 9c59270c3fd7afecdb556c50c9e8de78 -> 
  custom:audio-decoder-ogg-vorbis: bf7c407c2cedff20999df2af8eb42d56 -> 
  custom:audio-encoder-webm-vorbis: bf7c407c2cedff20999df2af8eb42d56 -> 
========================================================================
Received Prepare
Registering precompiled user dll's ...
Registered in 0.015240 seconds.
Begin MonoManager ReloadAssembly
Native extension for OSXStandalone target not found
Refreshing native plugins compatible for Editor in 0.69 ms, found 2 plugins.
Preloading 0 native plugins for Editor in 0.00 ms.
Mono: successfully reloaded assembly
- Completed reload, in  2.488 seconds
Platform modules already initialized, skipping
Refreshing native plugins compatible for Editor in 0.61 ms, found 2 plugins.
Preloading 0 native plugins for Editor in 0.00 ms.
Unloading 1385 Unused Serialized files (Serialized files now loaded: 0)
System memory in use before: 155.9 MB.
System memory in use after: 156.0 MB.

Unloading 14 unused Assets to reduce memory usage. Loaded Objects now: 1916.
Total: 4.066919 ms (FindLiveObjects: 0.292729 ms CreateObjectMapping: 0.082995 ms MarkObjects: 3.592806 ms  DeleteObjects: 0.096927 ms)

AssetImportParameters requested are different than current active one (requested -> active):
  custom:video-decoder-ogg-theora: a1e56fd34408186e4bbccfd4996cb3dc -> 
  custom:container-muxer-webm: aa71ff27fc2769a1b78a27578f13a17b -> 
  custom:container-demuxer-webm: 4f35f7cbe854078d1ac9338744f61a02 -> 
  custom:container-demuxer-ogg: 62fdf1f143b41e24485cea50d1cbac27 -> 
  custom:video-encoder-webm-vp8: eb34c28f22e8b96e1ab97ce403110664 -> 
  custom:framework-osx-AVFoundation: b23960f63f64bdc6ff669e2cdcee2391 -> 
  custom:video-decoder-webm-vp8: 9c59270c3fd7afecdb556c50c9e8de78 -> 
  custom:audio-decoder-ogg-vorbis: bf7c407c2cedff20999df2af8eb42d56 -> 
  custom:audio-encoder-webm-vorbis: bf7c407c2cedff20999df2af8eb42d56 -> 
========================================================================
Received Prepare
Registering precompiled user dll's ...
Registered in 0.004859 seconds.
Begin MonoManager ReloadAssembly
Native extension for OSXStandalone target not found
Refreshing native plugins compatible for Editor in 0.48 ms, found 2 plugins.
Preloading 0 native plugins for Editor in 0.00 ms.
Mono: successfully reloaded assembly
- Completed reload, in  3.811 seconds
Platform modules already initialized, skipping
Refreshing native plugins compatible for Editor in 0.47 ms, found 2 plugins.
Preloading 0 native plugins for Editor in 0.00 ms.
Unloading 1385 Unused Serialized files (Serialized files now loaded: 0)
System memory in use before: 156.1 MB.
System memory in use after: 156.1 MB.

Unloading 14 unused Assets to reduce memory usage. Loaded Objects now: 1919.
Total: 3.430831 ms (FindLiveObjects: 0.409393 ms CreateObjectMapping: 0.187519 ms MarkObjects: 2.753537 ms  DeleteObjects: 0.078698 ms)

AssetImportParameters requested are different than current active one (requested -> active):
  custom:video-decoder-ogg-theora: a1e56fd34408186e4bbccfd4996cb3dc -> 
  custom:container-muxer-webm: aa71ff27fc2769a1b78a27578f13a17b -> 
  custom:container-demuxer-webm: 4f35f7cbe854078d1ac9338744f61a02 -> 
  custom:container-demuxer-ogg: 62fdf1f143b41e24485cea50d1cbac27 -> 
  custom:video-encoder-webm-vp8: eb34c28f22e8b96e1ab97ce403110664 -> 
  custom:framework-osx-AVFoundation: b23960f63f64bdc6ff669e2cdcee2391 -> 
  custom:video-decoder-webm-vp8: 9c59270c3fd7afecdb556c50c9e8de78 -> 
  custom:audio-decoder-ogg-vorbis: bf7c407c2cedff20999df2af8eb42d56 -> 
  custom:audio-encoder-webm-vorbis: bf7c407c2cedff20999df2af8eb42d56 -> 
========================================================================
Received Prepare
Registering precompiled user dll's ...
Registered in 0.011965 seconds.
Begin MonoManager ReloadAssembly
Native extension for OSXStandalone target not found
Refreshing native plugins compatible for Editor in 0.46 ms, found 2 plugins.
Preloading 0 native plugins for Editor in 0.00 ms.
Mono: successfully reloaded assembly
- Completed reload, in  3.625 seconds
Platform modules already initialized, skipping
Refreshing native plugins compatible for Editor in 0.46 ms, found 2 plugins.
Preloading 0 native plugins for Editor in 0.00 ms.
Unloading 1385 Unused Serialized files (Serialized files now loaded: 0)
System memory in use before: 156.3 MB.
System memory in use after: 156.4 MB.

Unloading 14 unused Assets to reduce memory usage. Loaded Objects now: 1922.
Total: 3.407013 ms (FindLiveObjects: 0.506131 ms CreateObjectMapping: 0.122504 ms MarkObjects: 2.641863 ms  DeleteObjects: 0.134663 ms)

AssetImportParameters requested are different than current active one (requested -> active):
  custom:video-decoder-ogg-theora: a1e56fd34408186e4bbccfd4996cb3dc -> 
  custom:container-muxer-webm: aa71ff27fc2769a1b78a27578f13a17b -> 
  custom:container-demuxer-webm: 4f35f7cbe854078d1ac9338744f61a02 -> 
  custom:container-demuxer-ogg: 62fdf1f143b41e24485cea50d1cbac27 -> 
  custom:video-encoder-webm-vp8: eb34c28f22e8b96e1ab97ce403110664 -> 
  custom:framework-osx-AVFoundation: b23960f63f64bdc6ff669e2cdcee2391 -> 
  custom:video-decoder-webm-vp8: 9c59270c3fd7afecdb556c50c9e8de78 -> 
  custom:audio-decoder-ogg-vorbis: bf7c407c2cedff20999df2af8eb42d56 -> 
  custom:audio-encoder-webm-vorbis: bf7c407c2cedff20999df2af8eb42d56 -> 
========================================================================
Received Import Request.
  Time since last request: 2050.729993 seconds.
  path: Assets/Board_Manager.cs
  artifactKey: Guid(4373d6eb0ac204f7986867bab5dafbc4) Importer(815301076,1909f56bfc062723c751e8b465ee728b)
Start importing Assets/Board_Manager.cs using Guid(4373d6eb0ac204f7986867bab5dafbc4) Importer(815301076,1909f56bfc062723c751e8b465ee728b)  -> (artifact id: '2514e08447ca1ee990f662758063ee04') in 0.021705 seconds 
  Import took 0.027070 seconds .

========================================================================
Received Import Request.
  Time since last request: 1.790070 seconds.
  path: Assets/Board_Manager.cs
  artifactKey: Guid(4373d6eb0ac204f7986867bab5dafbc4) Importer(815301076,1909f56bfc062723c751e8b465ee728b)
Start importing Assets/Board_Manager.cs using Guid(4373d6eb0ac204f7986867bab5dafbc4) Importer(815301076,1909f56bfc062723c751e8b465ee728b)  -> (artifact id: '2514e08447ca1ee990f662758063ee04') in 0.008803 seconds 
  Import took 0.013719 seconds .

========================================================================
Received Prepare
Registering precompiled user dll's ...
Registered in 0.009209 seconds.
Begin MonoManager ReloadAssembly
Native extension for OSXStandalone target not found
Refreshing native plugins compatible for Editor in 0.52 ms, found 2 plugins.
Preloading 0 native plugins for Editor in 0.00 ms.
Mono: successfully reloaded assembly
- Completed reload, in  3.296 seconds
Platform modules already initialized, skipping
Refreshing native plugins compatible for Editor in 0.56 ms, found 2 plugins.
Preloading 0 native plugins for Editor in 0.00 ms.
Unloading 1385 Unused Serialized files (Serialized files now loaded: 0)
System memory in use before: 156.4 MB.
System memory in use after: 156.5 MB.

Unloading 14 unused Assets to reduce memory usage. Loaded Objects now: 1925.
Total: 5.493053 ms (FindLiveObjects: 0.490055 ms CreateObjectMapping: 0.134923 ms MarkObjects: 4.738168 ms  DeleteObjects: 0.127265 ms)

AssetImportParameters requested are different than current active one (requested -> active):
  custom:video-decoder-ogg-theora: a1e56fd34408186e4bbccfd4996cb3dc -> 
  custom:container-muxer-webm: aa71ff27fc2769a1b78a27578f13a17b -> 
  custom:container-demuxer-webm: 4f35f7cbe854078d1ac9338744f61a02 -> 
  custom:container-demuxer-ogg: 62fdf1f143b41e24485cea50d1cbac27 -> 
  custom:video-encoder-webm-vp8: eb34c28f22e8b96e1ab97ce403110664 -> 
  custom:framework-osx-AVFoundation: b23960f63f64bdc6ff669e2cdcee2391 -> 
  custom:video-decoder-webm-vp8: 9c59270c3fd7afecdb556c50c9e8de78 -> 
  custom:audio-decoder-ogg-vorbis: bf7c407c2cedff20999df2af8eb42d56 -> 
  custom:audio-encoder-webm-vorbis: bf7c407c2cedff20999df2af8eb42d56 -> 
========================================================================
Received Prepare
Registering precompiled user dll's ...
Registered in 0.007660 seconds.
Begin MonoManager ReloadAssembly
Native extension for OSXStandalone target not found
Refreshing native plugins compatible for Editor in 1.83 ms, found 2 plugins.
Preloading 0 native plugins for Editor in 0.00 ms.
Mono: successfully reloaded assembly
- Completed reload, in  4.044 seconds
Platform modules already initialized, skipping
Refreshing native plugins compatible for Editor in 0.76 ms, found 2 plugins.
Preloading 0 native plugins for Editor in 0.00 ms.
Unloading 1385 Unused Serialized files (Serialized files now loaded: 0)
System memory in use before: 156.6 MB.
System memory in use after: 156.7 MB.

Unloading 14 unused Assets to reduce memory usage. Loaded Objects now: 1928.
Total: 4.910737 ms (FindLiveObjects: 0.266227 ms CreateObjectMapping: 0.077332 ms MarkObjects: 4.449241 ms  DeleteObjects: 0.115525 ms)

AssetImportParameters requested are different than current active one (requested -> active):
  custom:video-decoder-ogg-theora: a1e56fd34408186e4bbccfd4996cb3dc -> 
  custom:container-muxer-webm: aa71ff27fc2769a1b78a27578f13a17b -> 
  custom:container-demuxer-webm: 4f35f7cbe854078d1ac9338744f61a02 -> 
  custom:container-demuxer-ogg: 62fdf1f143b41e24485cea50d1cbac27 -> 
  custom:video-encoder-webm-vp8: eb34c28f22e8b96e1ab97ce403110664 -> 
  custom:framework-osx-AVFoundation: b23960f63f64bdc6ff669e2cdcee2391 -> 
  custom:video-decoder-webm-vp8: 9c59270c3fd7afecdb556c50c9e8de78 -> 
  custom:audio-decoder-ogg-vorbis: bf7c407c2cedff20999df2af8eb42d56 -> 
  custom:audio-encoder-webm-vorbis: bf7c407c2cedff20999df2af8eb42d56 -> 
========================================================================
Received Prepare
Registering precompiled user dll's ...
Registered in 0.007331 seconds.
Begin MonoManager ReloadAssembly
Native extension for OSXStandalone target not found
Refreshing native plugins compatible for Editor in 0.44 ms, found 2 plugins.
Preloading 0 native plugins for Editor in 0.00 ms.
Mono: successfully reloaded assembly
- Completed reload, in  4.132 seconds
Platform modules already initialized, skipping
Refreshing native plugins compatible for Editor in 0.61 ms, found 2 plugins.
Preloading 0 native plugins for Editor in 0.00 ms.
Unloading 1385 Unused Serialized files (Serialized files now loaded: 0)
System memory in use before: 156.8 MB.
System memory in use after: 156.8 MB.

Unloading 14 unused Assets to reduce memory usage. Loaded Objects now: 1931.
Total: 3.904647 ms (FindLiveObjects: 0.295074 ms CreateObjectMapping: 0.091898 ms MarkObjects: 3.417962 ms  DeleteObjects: 0.097086 ms)

AssetImportParameters requested are different than current active one (requested -> active):
  custom:video-decoder-ogg-theora: a1e56fd34408186e4bbccfd4996cb3dc -> 
  custom:container-muxer-webm: aa71ff27fc2769a1b78a27578f13a17b -> 
  custom:container-demuxer-webm: 4f35f7cbe854078d1ac9338744f61a02 -> 
  custom:container-demuxer-ogg: 62fdf1f143b41e24485cea50d1cbac27 -> 
  custom:video-encoder-webm-vp8: eb34c28f22e8b96e1ab97ce403110664 -> 
  custom:framework-osx-AVFoundation: b23960f63f64bdc6ff669e2cdcee2391 -> 
  custom:video-decoder-webm-vp8: 9c59270c3fd7afecdb556c50c9e8de78 -> 
  custom:audio-decoder-ogg-vorbis: bf7c407c2cedff20999df2af8eb42d56 -> 
  custom:audio-encoder-webm-vorbis: bf7c407c2cedff20999df2af8eb42d56 -> 
========================================================================
Received Prepare
Registering precompiled user dll's ...
Registered in 0.007391 seconds.
Begin MonoManager ReloadAssembly
Native extension for OSXStandalone target not found
Refreshing native plugins compatible for Editor in 0.61 ms, found 2 plugins.
Preloading 0 native plugins for Editor in 0.00 ms.
Mono: successfully reloaded assembly
- Completed reload, in  4.057 seconds
Platform modules already initialized, skipping
Refreshing native plugins compatible for Editor in 0.72 ms, found 2 plugins.
Preloading 0 native plugins for Editor in 0.00 ms.
Unloading 1385 Unused Serialized files (Serialized files now loaded: 0)
System memory in use before: 157.0 MB.
System memory in use after: 157.0 MB.

Unloading 14 unused Assets to reduce memory usage. Loaded Objects now: 1934.
Total: 6.173918 ms (FindLiveObjects: 0.473979 ms CreateObjectMapping: 0.162627 ms MarkObjects: 5.379542 ms  DeleteObjects: 0.155236 ms)

AssetImportParameters requested are different than current active one (requested -> active):
  custom:video-decoder-ogg-theora: a1e56fd34408186e4bbccfd4996cb3dc -> 
  custom:container-muxer-webm: aa71ff27fc2769a1b78a27578f13a17b -> 
  custom:container-demuxer-webm: 4f35f7cbe854078d1ac9338744f61a02 -> 
  custom:container-demuxer-ogg: 62fdf1f143b41e24485cea50d1cbac27 -> 
  custom:video-encoder-webm-vp8: eb34c28f22e8b96e1ab97ce403110664 -> 
  custom:framework-osx-AVFoundation: b23960f63f64bdc6ff669e2cdcee2391 -> 
  custom:video-decoder-webm-vp8: 9c59270c3fd7afecdb556c50c9e8de78 -> 
  custom:audio-decoder-ogg-vorbis: bf7c407c2cedff20999df2af8eb42d56 -> 
  custom:audio-encoder-webm-vorbis: bf7c407c2cedff20999df2af8eb42d56 -> 
========================================================================
Received Prepare
Registering precompiled user dll's ...
Registered in 0.033733 seconds.
Begin MonoManager ReloadAssembly
Native extension for OSXStandalone target not found
Refreshing native plugins compatible for Editor in 0.57 ms, found 2 plugins.
Preloading 0 native plugins for Editor in 0.00 ms.
Mono: successfully reloaded assembly
- Completed reload, in  4.740 seconds
Platform modules already initialized, skipping
Refreshing native plugins compatible for Editor in 0.50 ms, found 2 plugins.
Preloading 0 native plugins for Editor in 0.00 ms.
Unloading 1385 Unused Serialized files (Serialized files now loaded: 0)
System memory in use before: 157.1 MB.
System memory in use after: 157.2 MB.

Unloading 14 unused Assets to reduce memory usage. Loaded Objects now: 1937.
Total: 6.358567 ms (FindLiveObjects: 1.049969 ms CreateObjectMapping: 0.195107 ms MarkObjects: 5.026040 ms  DeleteObjects: 0.085595 ms)

AssetImportParameters requested are different than current active one (requested -> active):
  custom:video-decoder-ogg-theora: a1e56fd34408186e4bbccfd4996cb3dc -> 
  custom:container-muxer-webm: aa71ff27fc2769a1b78a27578f13a17b -> 
  custom:container-demuxer-webm: 4f35f7cbe854078d1ac9338744f61a02 -> 
  custom:container-demuxer-ogg: 62fdf1f143b41e24485cea50d1cbac27 -> 
  custom:video-encoder-webm-vp8: eb34c28f22e8b96e1ab97ce403110664 -> 
  custom:framework-osx-AVFoundation: b23960f63f64bdc6ff669e2cdcee2391 -> 
  custom:video-decoder-webm-vp8: 9c59270c3fd7afecdb556c50c9e8de78 -> 
  custom:audio-decoder-ogg-vorbis: bf7c407c2cedff20999df2af8eb42d56 -> 
  custom:audio-encoder-webm-vorbis: bf7c407c2cedff20999df2af8eb42d56 -> 
========================================================================
Received Prepare
Registering precompiled user dll's ...
Registered in 0.005181 seconds.
Begin MonoManager ReloadAssembly
Native extension for OSXStandalone target not found
Refreshing native plugins compatible for Editor in 0.75 ms, found 2 plugins.
Preloading 0 native plugins for Editor in 0.00 ms.
Mono: successfully reloaded assembly
- Completed reload, in  3.347 seconds
Platform modules already initialized, skipping
Refreshing native plugins compatible for Editor in 0.43 ms, found 2 plugins.
Preloading 0 native plugins for Editor in 0.00 ms.
Unloading 1385 Unused Serialized files (Serialized files now loaded: 0)
System memory in use before: 157.3 MB.
System memory in use after: 157.4 MB.

Unloading 14 unused Assets to reduce memory usage. Loaded Objects now: 1940.
Total: 4.744566 ms (FindLiveObjects: 0.310938 ms CreateObjectMapping: 0.553701 ms MarkObjects: 3.796307 ms  DeleteObjects: 0.081920 ms)

AssetImportParameters requested are different than current active one (requested -> active):
  custom:video-decoder-ogg-theora: a1e56fd34408186e4bbccfd4996cb3dc -> 
  custom:container-muxer-webm: aa71ff27fc2769a1b78a27578f13a17b -> 
  custom:container-demuxer-webm: 4f35f7cbe854078d1ac9338744f61a02 -> 
  custom:container-demuxer-ogg: 62fdf1f143b41e24485cea50d1cbac27 -> 
  custom:video-encoder-webm-vp8: eb34c28f22e8b96e1ab97ce403110664 -> 
  custom:framework-osx-AVFoundation: b23960f63f64bdc6ff669e2cdcee2391 -> 
  custom:video-decoder-webm-vp8: 9c59270c3fd7afecdb556c50c9e8de78 -> 
  custom:audio-decoder-ogg-vorbis: bf7c407c2cedff20999df2af8eb42d56 -> 
  custom:audio-encoder-webm-vorbis: bf7c407c2cedff20999df2af8eb42d56 -> 
